<?xml version="1.0" encoding="utf-8"?>
<testsuites>
<testsuite package="org.spectral" time="0" tests="10" errors="0" failures="10" name="/home/azureuser/myagent/_work/18/a/artifacts/apis/demo-conference-api/specification.yaml">
<testcase time="0" name="org.spectral.rule-important-info-fields(#/info/description)" classname="/home/azureuser/myagent/_work/18/a/artifacts/apis/demo-conference-api/specification"><failure message="Missing the description"><![CDATA[line 4, col 16, Missing the description (rule-important-info-fields) at path #/info/description]]></failure></testcase>
<testcase time="0" name="org.spectral.rule-path-lower-case-id(#/paths/~1session~1%7Bid%7D)" classname="/home/azureuser/myagent/_work/18/a/artifacts/apis/demo-conference-api/specification"><failure message="Resource identifier in path should be represented as &apos;xxxId&apos;, eg CustomerId."><![CDATA[line 33, col 19, Resource identifier in path should be represented as 'xxxId', eg CustomerId. (rule-path-lower-case-id) at path #/paths/~1session~1%7Bid%7D]]></failure></testcase>
<testcase time="0" name="org.spectral.rule-path-lower-case-id(#/paths/~1session~1%7Bid%7D~1topics)" classname="/home/azureuser/myagent/_work/18/a/artifacts/apis/demo-conference-api/specification"><failure message="Resource identifier in path should be represented as &apos;xxxId&apos;, eg CustomerId."><![CDATA[line 51, col 26, Resource identifier in path should be represented as 'xxxId', eg CustomerId. (rule-path-lower-case-id) at path #/paths/~1session~1%7Bid%7D~1topics]]></failure></testcase>
<testcase time="0" name="org.spectral.rule-path-lower-case-id(#/paths/~1session~1%7Bid%7D~1feedback)" classname="/home/azureuser/myagent/_work/18/a/artifacts/apis/demo-conference-api/specification"><failure message="Resource identifier in path should be represented as &apos;xxxId&apos;, eg CustomerId."><![CDATA[line 68, col 28, Resource identifier in path should be represented as 'xxxId', eg CustomerId. (rule-path-lower-case-id) at path #/paths/~1session~1%7Bid%7D~1feedback]]></failure></testcase>
<testcase time="0" name="org.spectral.rule-path-lower-case-id(#/paths/~1speaker~1%7Bid%7D)" classname="/home/azureuser/myagent/_work/18/a/artifacts/apis/demo-conference-api/specification"><failure message="Resource identifier in path should be represented as &apos;xxxId&apos;, eg CustomerId."><![CDATA[line 112, col 19, Resource identifier in path should be represented as 'xxxId', eg CustomerId. (rule-path-lower-case-id) at path #/paths/~1speaker~1%7Bid%7D]]></failure></testcase>
<testcase time="0" name="org.spectral.rule-path-lower-case-id(#/paths/~1speaker~1%7Bid%7D~1sessions)" classname="/home/azureuser/myagent/_work/18/a/artifacts/apis/demo-conference-api/specification"><failure message="Resource identifier in path should be represented as &apos;xxxId&apos;, eg CustomerId."><![CDATA[line 130, col 28, Resource identifier in path should be represented as 'xxxId', eg CustomerId. (rule-path-lower-case-id) at path #/paths/~1speaker~1%7Bid%7D~1sessions]]></failure></testcase>
<testcase time="0" name="org.spectral.rule-path-lower-case-id(#/paths/~1speaker~1%7Bid%7D~1topics)" classname="/home/azureuser/myagent/_work/18/a/artifacts/apis/demo-conference-api/specification"><failure message="Resource identifier in path should be represented as &apos;xxxId&apos;, eg CustomerId."><![CDATA[line 147, col 26, Resource identifier in path should be represented as 'xxxId', eg CustomerId. (rule-path-lower-case-id) at path #/paths/~1speaker~1%7Bid%7D~1topics]]></failure></testcase>
<testcase time="0" name="org.spectral.rule-path-lower-case-id(#/paths/~1topic~1%7Bid%7D)" classname="/home/azureuser/myagent/_work/18/a/artifacts/apis/demo-conference-api/specification"><failure message="Resource identifier in path should be represented as &apos;xxxId&apos;, eg CustomerId."><![CDATA[line 180, col 17, Resource identifier in path should be represented as 'xxxId', eg CustomerId. (rule-path-lower-case-id) at path #/paths/~1topic~1%7Bid%7D]]></failure></testcase>
<testcase time="0" name="org.spectral.rule-path-lower-case-id(#/paths/~1topic~1%7Bid%7D~1speakers)" classname="/home/azureuser/myagent/_work/18/a/artifacts/apis/demo-conference-api/specification"><failure message="Resource identifier in path should be represented as &apos;xxxId&apos;, eg CustomerId."><![CDATA[line 197, col 26, Resource identifier in path should be represented as 'xxxId', eg CustomerId. (rule-path-lower-case-id) at path #/paths/~1topic~1%7Bid%7D~1speakers]]></failure></testcase>
<testcase time="0" name="org.spectral.rule-path-lower-case-id(#/paths/~1topic~1%7Bid%7D~1sessions)" classname="/home/azureuser/myagent/_work/18/a/artifacts/apis/demo-conference-api/specification"><failure message="Resource identifier in path should be represented as &apos;xxxId&apos;, eg CustomerId."><![CDATA[line 214, col 26, Resource identifier in path should be represented as 'xxxId', eg CustomerId. (rule-path-lower-case-id) at path #/paths/~1topic~1%7Bid%7D~1sessions]]></failure></testcase>
</testsuite>
<testsuite package="org.spectral" time="0" tests="5" errors="0" failures="5" name="/home/azureuser/myagent/_work/18/a/artifacts/apis/litera-addin-word-dxtc/specification.yaml">
<testcase time="0" name="org.spectral.rule-important-info-fields(#/info/description)" classname="/home/azureuser/myagent/_work/18/a/artifacts/apis/litera-addin-word-dxtc/specification"><failure message="Missing the description"><![CDATA[line 4, col 16, Missing the description (rule-important-info-fields) at path #/info/description]]></failure></testcase>
<testcase time="0" name="org.spectral.oas3-valid-media-example(#/paths/~1api~1Numbering~1GetNumberingStylesByLevel/post/responses/200/content/text~1plain/example)" classname="/home/azureuser/myagent/_work/18/a/artifacts/apis/litera-addin-word-dxtc/specification"><failure message="&quot;example&quot; property type must be array"><![CDATA[line 2808, col 24, "example" property type must be array (oas3-valid-media-example) at path #/paths/~1api~1Numbering~1GetNumberingStylesByLevel/post/responses/200/content/text~1plain/example]]></failure></testcase>
<testcase time="0" name="org.spectral.oas3-valid-media-example(#/paths/~1api~1Numbering~1GetNumberingStylesByLevel/post/responses/200/content/application~1xml/example)" classname="/home/azureuser/myagent/_work/18/a/artifacts/apis/litera-addin-word-dxtc/specification"><failure message="&quot;example&quot; property type must be array"><![CDATA[line 2830, col 24, "example" property type must be array (oas3-valid-media-example) at path #/paths/~1api~1Numbering~1GetNumberingStylesByLevel/post/responses/200/content/application~1xml/example]]></failure></testcase>
<testcase time="0" name="org.spectral.oas3-valid-media-example(#/paths/~1api~1Numbering~1GetNumberingStylesByLevel/post/responses/200/content/text~1xml/example)" classname="/home/azureuser/myagent/_work/18/a/artifacts/apis/litera-addin-word-dxtc/specification"><failure message="&quot;example&quot; property type must be array"><![CDATA[line 2836, col 24, "example" property type must be array (oas3-valid-media-example) at path #/paths/~1api~1Numbering~1GetNumberingStylesByLevel/post/responses/200/content/text~1xml/example]]></failure></testcase>
<testcase time="0" name="org.spectral.array-items(#/paths/~1api~1Numbering~1GetListTemplateLevelsPreview/post/requestBody/content/multipart~1form-data/schema/properties/levelIndex)" classname="/home/azureuser/myagent/_work/18/a/artifacts/apis/litera-addin-word-dxtc/specification"><failure message="Schemas with &quot;type: array&quot;, require a sibling &quot;items&quot; field"><![CDATA[line 3413, col 28, Schemas with "type: array", require a sibling "items" field (array-items) at path #/paths/~1api~1Numbering~1GetListTemplateLevelsPreview/post/requestBody/content/multipart~1form-data/schema/properties/levelIndex]]></failure></testcase>
</testsuite>
</testsuites>
